{'id': '1358491216770306048', 'text': 'Ibrahimovic llegó al gol 500 en clubes y le dio también el liderato a Milan. https://t.co/2rbId8OHzb https://t.co/c3nbQZGTio'}
{'id': '1358490718331830278', 'text': 'Sin embargo, Moïse desconoció el anuncio y ofreció su plan para el año que según él le queda en el poder:\n\n"Los próximos 12 meses estarán dedicados a la reforma del sector energético, la realización del referéndum y la organización de elecciones". [rr]\nhttps://t.co/zizwHr2w8c'}
{'id': '1358490718084321281', 'text': '#NoticiasUno| Representantes a la cámara, desde los verdes hasta los del Centro Democrático, le enviaron al presidente Duque una carta con sus preguntas y peticiones sobre las vacunas\nhttps://t.co/D2O0Vo5f5d'}
{'id': '1358490042176581632', 'text': '⚽ James y la lesión en los gemelos, su dolor de cabeza\xa0👉 https://t.co/omLHL9z7fZ https://t.co/Mkg19CfoyD'}
{'id': '1358489461915602949', 'text': 'Es el caso del @CeDemocratico, @PartidoVerdeCoL, @PoloDemocratico y el @partidodelaucol, movimientos que comparten un problema: sus principales electores en 2018 decidieron que no aspirarán de nuevo al Congreso o tomaron distancia de las colectividades. https://t.co/gbIDvcvlWY'}
{'id': '1358488460496093185', 'text': 'El Abierto de Australia tendrá una asistencia reducida de 30.000 aficionados al día, aproximadamente un 50% menos de lo habitual debido a los protocolos covid-19 https://t.co/TX6hhSaqvO'}
{'id': '1358487511010525185', 'text': '#AltoTurmequé Los mejores confidenciales sobre el poder en Colombia. https://t.co/GoxWWq9hpp'}
{'id': '1358487475644162051', 'text': '⚠️ El alcalde de Medellín, Daniel Quintero, le respondió al expresidente Álvaro Uribe, quien pidió al Gobierno intervenir a EPM. Esto fue lo que dijo 👉 https://t.co/vEkLFDxF2U https://t.co/g24TDHGAOd'}
{'id': '1358486949976281088', 'text': 'En varios documentos enviados a una Corte, conocidos por El Espectador, quien alguna vez fue el patrón y el terror del Bajo Cauca antioqueño le ha pedido a su juez que tenga piedad de su edad, de su salud, y que le permita volver a ser hombre libre. https://t.co/btWXGm6tMs'}
{'id': '1358484977344798724', 'text': 'En el Centro Democrático hay algunos congresistas que andan muy preocupados👇 https://t.co/33luGEtWKq'}
{'id': '1358484754828525568', 'text': 'La preocupante noticia marca el potencial inicio de la decimosegunda epidemia de la enfermedad en el país desde que se descubrió el virus cerca del río Ébola en 1976. [rr]\nhttps://t.co/2jCvRjLtnJ'}
{'id': '1358484431552598019', 'text': 'Ecuador celebra hoy unas elecciones presidenciales en las que el ganador, si es que lo hay en primera vuelta, heredará una profunda crisis económica, política y social, agudizada por la pandemia.  https://t.co/TbaLeL1VTy #Elecciones2021Ec'}
{'id': '1358483490963140609', 'text': '⚠️ ¿Es posible que el Gobierno intervenga a EPM, como lo pide Álvaro Uribe? 👉 https://t.co/mN1gU1ifRH https://t.co/3pQp38noX5'}
{'id': '1358483489486753792', 'text': '“El reto más grande que enfrenta la compañía es la reducción de pérdidas y el mejoramiento del servicio, sobre todo en medio de un periodo coyuntural tan inestable causado por la pandemia” https://t.co/4wbIFfCEY1'}
{'id': '1358483415272738824', 'text': '#NoticiasUno| Una banda de hombres armados, sin permisos ambientales y provista de maquinaria pesada, un empresario de la construcción rompió las montañas de Melgar y al único vecino que les reclamó le echaron encima la Policía ¡#QuéTalEsto!\nhttps://t.co/wB4fJDUJfu'}
{'id': '1358483140227067904', 'text': 'Alcaldesa de Inzá, Cauca, dio hipótesis sobre reciente masacre en el municipio. https://t.co/I7dQJrWm6e https://t.co/TzQuZF0gNA'}
{'id': '1358482007127449602', 'text': '¡Tenga en cuenta! Así quedaron los valores de los subsidios de vivienda para 2021 ► https://t.co/2OxXK2ZeC9 https://t.co/Xm2gdpA7IT'}
{'id': '1358479892057325576', 'text': 'Hiperinflación en #Venezuela: el bus se convierte en la mejor casa de cambio...\n\n... porque la mayoría de cajeros electrónicos están fuera de servicio, los bancos entregan máximo 400.000 bolívares y el transporte público aún utiliza de forma cotidiana bolívares en efectivo. /cc https://t.co/Q7Dbfuvq3u'}
{'id': '1358479408307273732', 'text': 'Desde el Concejo se llamó la atención, dado que, contrario a lo que se esperaba, la estrategia habría fallado y la baja tasa de seguimiento sería uno de los factores por los cuales el segundo pico de la pandemia fue mucho más grave que el primero. https://t.co/RbifN3iuWC'}
{'id': '1358479276870414343', 'text': '🚨 ¿Qué opina de la cadena perpetua? Meses después de que el presidente Duque sancionara la ley, a la Corte Constitucional siguen llegando demandas que piden tumbar esa norma. El Gobierno defiende la cadena perpetua. Esta es la situación 👉 https://t.co/4MK5v7nYdy https://t.co/xaHBB8vpVD'}
{'id': '1358478231880540161', 'text': 'Capturan en El Dorado a tres personas que querían sacar cocaína con destino a Europa. \nhttps://t.co/4bULL9lTTZ https://t.co/T9eAEL0De2'}
{'id': '1358478029782138892', 'text': 'La compañía líder en empaques a base de papel, Smurfit Kappa anunció su inversión de US$40 millones para continuar su plan de expansión y modernización de su negocio  https://t.co/WWLiC1gBOX'}
{'id': '1358476883722182657', 'text': '#SuperBowl Los Bucaneros de Tampa, liderados por el legendario Tom Brady, enfrentan a los Jefes de Kansas City con Patrick Mahomes, su heredero. https://t.co/iG9YFdeQWM'}
{'id': '1358476552758042630', 'text': 'Ecuador elige presidente 🇪🇨\n\nLe contamos todos los detalles de la jornada de elecciones presidenciales en Ecuador 👉 https://t.co/DtKC0WOXtc https://t.co/VYGRp1SCsa'}
{'id': '1358475865814945792', 'text': 'Lorenzo Muelas: “Uno no puede esperar que alguien que no sea indígena haga algo por nosotros”. https://t.co/KpyCBgaOgX https://t.co/wDQx56Ozgz'}
{'id': '1358475619432947713', 'text': '#NoticiasUno| Bogotá parece tener claro cómo y en qué orden inmunizará a los capitalinos, pero depende de que la Nación le entregue el número de vacunas necesarias\nhttps://t.co/6PBd8JzqJ1'}
{'id': '1358474365009035265', 'text': '"La pandemia nos mostró la amplitud de brechas y la obligación que tiene el país de enfrentarlas, así como la necesidad de dotar a las familias de instrumentos tecnológicos para que sus hijos tengan acceso a los procesos educativos": Cecilia María Vélez. https://t.co/jpL8wtMFVQ'}
{'id': '1358474078923984900', 'text': 'Si Odebrecht asegura que ese estudio del US$1 millón fue a parar a la campaña de Santos y en la campaña dicen que este jamás fue conocido, ¿a dónde fue a parar ese dinero que se pagó en Panamá y realmente a quién benefició? https://t.co/0d81b7nQwL'}
{'id': '1358473499891945481', 'text': 'Jeff Bezos, quien anunció que dejará la gestión diaria de Amazon, es un hombre determinado, que se convirtió en multimillonario tras fundar un imperio desde su garaje. Le contamos sobre él👇 https://t.co/2E9gYNdcfN'}
{'id': '1358472508614320131', 'text': 'Incorporaron más de 1.000 nuevos proveedores y 200 categorías a Mercado Ripley. Esto les ha permitido triplicar el número de productos y servicios publicados en el sitio web https://t.co/b9Xv7AGKls'}
{'id': '1358470275571023883', 'text': '¡Cuidado! ⚠️ No importa si no maneja dinero o información importante en línea: pueden robarle su identidad. ¿Cómo crear una contraseña? Le contamos👇 https://t.co/4x4m4po6pP'}
{'id': '1358469331999416322', 'text': '#ContenidoPremium La “guerra fría” que hoy se vive entre alcaldía, empresariado antioqueño y las élites del poder político regional no es nueva. Les contamos lo que está pasando. https://t.co/Ff5y8yMHkD'}
{'id': '1358467968452149251', 'text': '¡Otro grande ha anunciado su participación en el evento! Metallica estará en el cierre de la transmisión del Super Bowl LV ️► https://t.co/hMTZPdxaqd https://t.co/qOKtrxbNVt'}
{'id': '1358467474900062223', 'text': 'El economista de 36 años, orgulloso protegido del expresidente Rafael Correa, lidera las encuestas con las promesas de hacer pagos directos en efectivo por unos US$1.000 millones a familias pobres https://t.co/I5jkFVO1yK'}
{'id': '1358466814821478401', 'text': 'Los representantes de la Fiscalía estadounidense, sin embargo, no se tragan el cuento de que Vanoy, a descripción de sus abogados, es un hombre incapaz de hacer daño. https://t.co/de4s4MeMCE'}
{'id': '1358465921371766786', 'text': 'Avalancha en la India deja al menos nueve muertos y 150 desaparecidos. https://t.co/gpbAdZd6EB https://t.co/9gEkdz4c3q'}
{'id': '1358464549440155648', 'text': '🎾🇨🇴 Cabal y Farah, reflexivos y analíticos con su primera final del 2021\n\nEL TIEMPO, único medio colombiano acreditado al Abierto de Australia, habló con ellos 👉 https://t.co/BSdcvz5eIM https://t.co/YS9359JkT1'}
{'id': '1358464304945782788', 'text': 'La idea del Sistema de Almacenamiento de Energía con Baterías (SAEB) es que permita almacenar y utilizar la electricidad que se produce por energía eólica y solar; los proyectos contratados generarán 2.500 MW, según las cuentas oficiales. https://t.co/NczxBUU6aQ'}
{'id': '1358463163876970505', 'text': 'Zach Sobiech: la historia del joven con cáncer que conmovió al mundo 👉 https://t.co/flGdBzOyN4 https://t.co/JxeknQe8Od'}
{'id': '1358462527567523844', 'text': '#NoticiasUno| La promesa presidencial sobre el plan de vacunación nacional que incluye la inmunización de 35 millones de colombianos no es creíble para los expertos. Implicaría inocular el antivirus a 3 millones y medio de personas cada mes.\nhttps://t.co/d1PZRcFIPu'}
{'id': '1358461785083416576', 'text': 'Una “aventura” de 60 camionetas que ingresaron a territorio wayuu terminó en un altercado entre un indígena y un turista por irrespetar un sitio sagrado. La falta de datos impide medir el impacto de esta práctica. https://t.co/Mpl9p1PwSL'}
{'id': '1358460777481596928', 'text': '🔴 Estudiantes volverán de manera alternada a colegios a partir de mañana. En #CityNoticias le explicamos los detalles del regreso a clases https://t.co/O4U7WGeeHk'}
{'id': '1358460697127104512', 'text': '🚨 ¿Qué opina? Álvaro Uribe le propuso al presidente Iván Duque intervenir EPM. Le contamos 👉 https://t.co/f7ASBcNemz https://t.co/xDlijqmVA1'}
{'id': '1358460521280806916', 'text': '(🔊 Podcast) En la meditación de hoy, en #Shala, trabajaremos en cómo afrontar situaciones que afectan la relación que tiene con usted mismo y su entorno. https://t.co/fnoOYNAUIM https://t.co/7I8vz5wF9V'}
{'id': '1358460516339957762', 'text': 'Proliferan en internet afirmaciones de que las vacunas contra el coronavirus pueden ser letales, tras una serie de muertes en hogares de ancianos. \n\nDW investiga casos en todo el mundo y lo que había detrás de ellos. [rr]\nhttps://t.co/wCbUJt7T9r'}
{'id': '1358459264755458048', 'text': 'En el Sundance Film Festival se estrenó mundialmente el documental Rita Moreno: Just a Girl Who Decided to Go for It, pieza audiovisual que narra la vida de la icónica actriz de origen puertorriqueño. https://t.co/Ha8YebEjbj'}
{'id': '1358458309465014283', 'text': '#ElTiempoLeCuenta sobre el programa italiano que le ‘roba’ niños a la mafia 👉 https://t.co/1mGeMXtPyd https://t.co/g63LSh3iHz'}
{'id': '1358457464069492740', 'text': '🚨 ATENCIÓN 🚨 Ciclista falleció después de ser arrollado por un tractocamión en Bogotá. Esto es lo que se sabe hasta el momento 👉 https://t.co/a6wBA32QNw\n\n#NoMásCiclistasMuertos https://t.co/bkBwidLDS9'}
{'id': '1358456750190587909', 'text': 'Una semana después de que el alcalde de Masaya desapareciera de actos públicos, la vicepresidenta Rosario Murillo informó que había muerto. Según la ley, el reemplazo de Orlando Noguera debía ser la vicealcaldesa Janina Noguera, pero no fue así.\nhttps://t.co/1S23cYdye6'}
{'id': '1358456739461533697', 'text': '#Ecuador va a las urnas con Arauz como favorito\n\nEl líder izquierdista lidera los sondeos, aunque no llegaría a ganar en primera vuelta. Su mayor rival es Lasso, conservador cercano al presidente Moreno, si bien el indigenista Pérez también tiene posibilidades. \n\n#DWNoticias /lm https://t.co/iaReqALqNX'}
{'id': '1358456126027812865', 'text': 'Si buscas generar nuevas habilidades y estrategias para brindar la mejor experiencia a tus clientes, este curso es ideal para cumplir sus objetivos | @cursoseltiempo ➡️ https://t.co/WGZgXAJczf https://t.co/dtgMOhUZGt'}
{'id': '1358455781541236739', 'text': 'De acuerdo con Asocolflores, la expectativa es enviar más de 700 millones de tallos a varios mercados, es decir, 15% de lo que se exporta en el año. Plazoleta Bazzani registra ventas de seis millones de tallos  https://t.co/2YauYxvd6t'}
{'id': '1358454232756744196', 'text': 'El temido exjefe paramilitar y narcotraficante Ramiro Cuco Vanoy está postrado en silla de ruedas, tiene diabetes y le suplica a la Corte Federal que lo condenó a 24 años de prisión que lo deje libre por su estado de salud.  https://t.co/JoIJsNV2aY'}
{'id': '1358453779243360257', 'text': '¡Pilas! Consulte el listado de jardines, colegios y universidades que están autorizados para el regreso a las aulas bajo el nuevo modelo de alternancia👇 https://t.co/UfFBldltw1'}
{'id': '1358451718137278468', 'text': 'Minhacienda permitirá a Ecopetrol mejorar su oferta para quedarse con ISA. https://t.co/U3UnqhQFuY https://t.co/pkoHvKXRnI'}
{'id': '1358451267534749697', 'text': '🚨 Coca y líderes en Cuba y Venezuela: la división del Eln\n\nEL TIEMPO corroboró la existencia de un mensaje en el que el Eln admite que está fraccionado internamente 👉 https://t.co/5VYiy2oEfn | Vía @Uinvestigativa https://t.co/KwCGkDlVT7'}
{'id': '1358451191211061249', 'text': 'Ecuatorianos votan en comicios presidenciales en medio de pandemia. Andrés Arauz, respaldado por el expresidente Rafael Correa, y Guillermo Lasso, exbanquero que se postula por tercera vez, llegan con las mayores opciones entre 16 candidatos, según sondeos https://t.co/rIUCF2M7hu'}
{'id': '1358450277658095619', 'text': 'El sector automotor tuvo un fuerte impacto en los volúmenes de ventas por los cierres en 2020 con una caída de 28,5% frente a 2019, sin embargo, la industria prevé una recuperación en este año https://t.co/lLtwSKqRKo'}
{'id': '1358449245632790529', 'text': '“No es competencia del presidente Duque instruir a la JEP sobre cómo debe sancionar a los imputados de las Farc”: Eduardo Cifuentes. https://t.co/j712FaXtcO https://t.co/GHCmr1O2dg'}
{'id': '1358449205879205889', 'text': '#Elecciones2021Ec Yaku Pérez, candidato a la presidencia y uno de los tres favoritos, habló con El Espectador sobre lo que puede ocurrir en Ecuador luego de las elecciones que se celebran este domingo. https://t.co/86o5hHofmf'}
{'id': '1358449189663903745', 'text': '#AstraZeneca: defensa limitada contra variante sudafricana\n\nLa farmacéutica admitió que le fue imposible establecer si su vacuna es efectiva en contagios severos con esta mutación del #coronavirus, tras un estudio al respecto de las universidades de Oxford y Witwatersrand. /lm https://t.co/OpC0rt9AZ4'}
{'id': '1358448725690040321', 'text': 'Dolorosa historia 💔. Cinco integrantes de una familia fallecieron por covid-19, luego de que la mamá ocultara por unos días su contagio. \n\nLe contamos aquí la historia ⬇️ https://t.co/IoDDd4RKnE'}
{'id': '1358447176657952770', 'text': '#NoticiasUno| La designación de dos nuevos miembros de la junta del BanRep ha despertado críticas de expertos. A Bibiana Taboada Arango le critican su falta de experiencia y ser la hija de la exministra Alicia Arango\nhttps://t.co/kaLMu7viOl'}
{'id': '1358446689753976832', 'text': 'Acceso desigual a vacunas dejaría atrás a países en desarrollo, según FMI. https://t.co/1JGUEeDyJv https://t.co/PjfdjGd8zV'}
{'id': '1358445991788175362', 'text': '⚠️ James Rodríguez tiene problemas, Ancelotti confirma lo que le pasa 👉 https://t.co/4EMBa9GjLg https://t.co/WClwaJVU7a'}
{'id': '1358445144291356674', 'text': 'Las empresas de transporte están adquiriendo flotas de vehículos eléctricos para reducir las emisiones de carbono generadas  https://t.co/FbUbXmfYvv'}
{'id': '1358444165269512194', 'text': 'Jon Landaburu fue director del Centro Colombiano de Estudios en Lenguas Aborígenes de la Universidad de los Andes, tradujo la Constitución de 1991 a siete lenguas indígenas y ayudó a crear la Ley 1381 de 2010 para la protección de dialectos ancestrales. https://t.co/xqnKcgkyOE'}
{'id': '1358442606716465153', 'text': '🚨 Regreso a clases: ¿qué dice la ciencia de los contagios de covid-19 en los niños? 👉 https://t.co/DLfhZZmJ7Z https://t.co/GZbAtVvqPH'}
{'id': '1358441656337510400', 'text': 'Con esta ya son dos las unidades funcionales del proyecto entre Atlántico y Bolívar que se ponen en operación. La obra concluirá en las próximas semanas.\n https://t.co/ya3OQPCreN'}
{'id': '1358440377011814400', 'text': '¿Tiene preguntas sobre el regreso a las aulas? 🚨 Esta información le interesa👇 https://t.co/TjMYRK008U'}
{'id': '1358439880947343360', 'text': 'Este año será clave para Perú en materia de infraestructura portuaria, en medio de la ofensiva del gobierno por poner en pie tres grandes obras, con un presupuesto de US$ 1.500 millones  https://t.co/2p8FIaV7jz'}
{'id': '1358439132008169474', 'text': '#Investigación Con el millón de dólares que pagó Odebrecht para hacer un estudio político en Colombia, en plenas elecciones presidenciales de 2014, Sancho BBDDO elaboró 33 estudios diferentes. Aquí le contamos los detalles de esos documentos. https://t.co/BvzHsGufiV'}
{'id': '1358437858483331076', 'text': 'Un profesor de literatura, dueño de una hoja de vida intachable y autor de diferentes textos académicos. Así es Gabriel Alberto Ferrer Ruiz, el pastor que profetizó la llegada de Jesús en el Atlántico y ahora no aparece. Le contamos 👇 \n\nhttps://t.co/UG9exits4F'}
{'id': '1358436616625414145', 'text': 'Hoy, las escuelas de los resguardos son los lugares más peligrosos por la presencia de actores armados y de minas antipersonales. Gobierno dice que en marzo podría empezar el desminado humanitario en la región. https://t.co/ty7JDI6UvO'}
{'id': '1358435350125965314', 'text': "'De verdad. Me los regalaron de Navidad. Con semejante regalo, qué hago escribiendo este artículo en lugar de estar preparando un viaje en el Falcon 9 de SpaceX'👇 https://t.co/giWq8NK98C"}
{'id': '1358434610741444612', 'text': '“El reto más grande que enfrenta la compañía es la reducción de pérdidas y el mejoramiento del servicio, sobre todo en medio de un periodo coyuntural tan inestable causado por la pandemia” https://t.co/wDVaBiLlJ1'}
{'id': '1358434113720565764', 'text': '#ContenidoPremium La nueva crisis en las Empresa Públicas de Medellín.  https://t.co/NsaKjvrIly https://t.co/Yvu0lypAHc'}
{'id': '1358433061692653576', 'text': '⚠️Medellín tendrá nuevo estadio, arena y hotel internacional. Así será ⬇️ https://t.co/X8ZTvweTlw'}
{'id': '1358431825299820544', 'text': '#NoticiasUno| Iván Ramírez, a quien la Fiscalía capturó hace 250 días por presunta responsabilidad en la explosión de una bomba en el Centro Andino, recuperó la libertad, porque la Fiscalía no pudo mostrar, durante ese tiempo, las evidencias en su contra\nhttps://t.co/zqJ1EIhu4a'}
{'id': '1358431594168606720', 'text': '“Perseverancia y golpes estratégicos”: el pedido del presidente Duque al nuevo ministro de Defensa. https://t.co/vkVkdckh3p https://t.co/pkmIbOA8CO'}
{'id': '1358430615331368960', 'text': '🔴 Metro de Bogotá: arrancan las obras previas. Este lunes se iniciarán las obras previas que permitirán la construcción del viaducto por donde irá el Metro. ¡Ojo! El suministro de agua de más de 2 millones de personas se verá afectado. #LiveET👇 https://t.co/01oxTUZbXu'}
{'id': '1358430315178561536', 'text': '(🔊 Podcast) La meditación desarrolla la habilidad para resolver problemas y mantener la calma ante cualquier reto. Aquí el capítulo de hoy de #shala. https://t.co/lRPi2n4aji https://t.co/2U0MUPrTrz'}
{'id': '1358429231081009152', 'text': 'Colombia podría entrar a la tendencia de drones de carga aérea gracias a la empresa Orkid, que gestiona un dron que permita cargar alrededor de cinco kilogramos y que puede volar unos 90 km  https://t.co/bNVdVcdjbk'}
{'id': '1358429068081979392', 'text': 'La población de 80 podrá conocer si ya está registrada en la fase 1, con el grupo poblacional priorizada. ¿Cómo puedo revisar mi turno? Aquí le explicamos. https://t.co/4qEhSfsHEG'}
{'id': '1358428496075366404', 'text': '¡Tenga en cuenta! ⚠️ Dos millones de personas en Bogotá se verán afectados por el inicio de las obras previas del Metro este lunes. Más detalles aquí 👉 https://t.co/O8bqRGCq3i https://t.co/KsgCP5DrWr'}
{'id': '1358426550836854786', 'text': 'En un mundo en donde los combustibles fósiles pierden encanto, la llamada transición energética es un imperativo. Ese es un camino por el que transitan las grandes multinacionales del petróleo y en el que Ecopetrol busca no rezagarse. https://t.co/3zp6Inyv0H'}
{'id': '1358426226025758721', 'text': 'Clubhouse: ¿cómo es y para que sirve esta nueva red social? #ElTiempoLeCuenta ► https://t.co/xeUBqITMEi https://t.co/c2mzRQlY82'}
{'id': '1358424034208276486', 'text': 'El rascacielos de apartamentos 432 Park, uno de los más lujosos de Manhattan, se ha convertido en una pesadilla para sus inquilinos, con frecuentes quejas, riñas y problemas de diseño. https://t.co/OVrUXcUJJZ'}
{'id': '1358423498335662087', 'text': 'Según la American Gaming Association (AGA) se espera que 2,2 millones de estadounidenses apuesten en el evento, aproximadamente US$ 4.300 millones https://t.co/YriPPPYTC3'}
{'id': '1358423255099531268', 'text': '⚠️ Ladrones comen gratis con nueva modalidad de estafa a restaurantes. Así están operando los delincuentes 👉 https://t.co/zUKx1GWdQX https://t.co/hFwktUCTjC'}
{'id': '1358423017483886594', 'text': '#NoticiasUno| Existen fondos de compensación familiar específicos para la compra de útiles escolares y apoyos al inicio del año escolar.\nhttps://t.co/3qPcbW7mDy'}
{'id': '1358422767297781760', 'text': 'Temporal de nieve en Alemania\n\nAparte de trenes suspendidos, carreteras cortadas y accidentes de tráfico, la nieve obligó a suspender un partido de la Bundesliga y otro de la segunda división alemana (lgc)\n\nhttps://t.co/GQjRv9nI6X https://t.co/jhU2OMAkDu'}
{'id': '1358421516225019935', 'text': '#Entrevista Camilo González Posso, director del @Indepaz, hace una radiografía de lo que está pasando en el país y habla de la necesidad de caracterizar los patrones de ese fenómeno de violencia para poder dar con soluciones contundentes. https://t.co/PfyCL3dMYQ'}
{'id': '1358420493565591554', 'text': 'Natalia Riveros permanece en la unidad de cuidados intensivos en el pabellón de quemados, luego de que un carro golpeara su puesto de trabajo. Más detalles en #CityNoticiasFDS ⬇️ https://t.co/iQ1PE5ht6C'}
{'id': '1358419005879508992', 'text': 'Mirar lo que ha sucedido con incursiones masivas de motos y carros en territorios indígenas, o en ecosistemas sensibles, podría ayudar a Colombia a pensar qué hacer con el turismo de aventura que involucre elementos potencialmente dañinos. https://t.co/1int1ziQJe'}
{'id': '1358417924864802816', 'text': "Las herencias, en ocasiones, se convierten en la 'manzana de la discordia' de algunas familias. Según expertos, las bases de las disputas más comunes tienen su origen en la infancia. Recordamos algunos casos👇 https://t.co/kv5XfVdWsz"}
{'id': '1358417668953559049', 'text': 'La compañía líder en empaques a base de papel, Smurfit Kappa anunció su inversión de US$40 millones para continuar su plan de expansión y modernización de su negocio  https://t.co/92KvHo7Dt8'}
{'id': '1358416486654705664', 'text': 'En sus cuestionamientos al gobierno Duque, @sergio_fajardo asegura que Colombia está indignada, resentida, atribulada, agobiada, cansada, fragmentada, desorientada y asustada. https://t.co/4KGy8WnEgp'}
{'id': '1358416474508046340', 'text': '#NoticiasUno| Los detectives que capturaron los audios de la Ñeñepolítica en las conversaciones de un teléfono que investigaban, habían sido puestos en prisión por la misma fiscalía, con argumentos tan frágiles que fueron dejados en libertad \nhttps://t.co/T8TarLAYaV'}
{'id': '1358415388258762758', 'text': '🚨 EL TIEMPO corroboró la existencia de un mensaje en el que el Eln admite que está fraccionado internamente 👉 https://t.co/EiKx5GrhLg | Vía @Uinvestigativa\n\n#DomingoenElTiempo https://t.co/bYit2qBT3M'}
{'id': '1358415219081555992', 'text': 'Brote en el Ocean Viking\n\nSicilia dio la autorización para arribar a puerto al barco de la ONG SOS Méditerranée con más de cuatrocientos migrantes rescatados del mar, entre los que ha habido diez casos de coronavirus de los que ocho siguen a bordo (lgc)\n\nhttps://t.co/DQ6TmyRjJ7'}
